\BOOKMARK [0][-]{chapter.1}{\376\377\0001\000\040\000R\000h\000u\000m\000\040\000d\000e\000\040\000G\000u\000y\000b\000r\000u\000s\000h}{}% 1
\BOOKMARK [0][-]{chapter.2}{\376\377\0002\000\040\000I\000n\000d\000e\000x\000\040\000d\000e\000s\000\040\000e\000s\000p\000a\000c\000e\000s\000\040\000d\000e\000\040\000n\000o\000m\000m\000a\000g\000e}{}% 2
\BOOKMARK [1][-]{section.2.1}{\376\377\0002\000.\0001\000\040\000P\000a\000q\000u\000e\000t\000a\000g\000e\000s}{chapter.2}% 3
\BOOKMARK [0][-]{chapter.3}{\376\377\0003\000\040\000I\000n\000d\000e\000x\000\040\000d\000e\000s\000\040\000c\000l\000a\000s\000s\000e\000s}{}% 4
\BOOKMARK [1][-]{section.3.1}{\376\377\0003\000.\0001\000\040\000L\000i\000s\000t\000e\000\040\000d\000e\000s\000\040\000c\000l\000a\000s\000s\000e\000s}{chapter.3}% 5
\BOOKMARK [0][-]{chapter.4}{\376\377\0004\000\040\000D\000o\000c\000u\000m\000e\000n\000t\000a\000t\000i\000o\000n\000\040\000d\000e\000s\000\040\000e\000s\000p\000a\000c\000e\000s\000\040\000d\000e\000\040\000n\000o\000m\000m\000a\000g\000e}{}% 6
\BOOKMARK [1][-]{section.4.1}{\376\377\0004\000.\0001\000\040\000R\000\351\000f\000\351\000r\000e\000n\000c\000e\000\040\000d\000e\000\040\000l\000\047\000e\000s\000p\000a\000c\000e\000\040\000d\000e\000\040\000n\000o\000m\000m\000a\000g\000e\000\040\000R\000h\000u\000m\000\137\000d\000e\000\137\000G\000u\000y\000b\000r\000u\000s\000h}{chapter.4}% 7
\BOOKMARK [1][-]{section.4.2}{\376\377\0004\000.\0002\000\040\000R\000\351\000f\000\351\000r\000e\000n\000c\000e\000\040\000d\000e\000\040\000l\000\047\000e\000s\000p\000a\000c\000e\000\040\000d\000e\000\040\000n\000o\000m\000m\000a\000g\000e\000\040\000T\000e\000s\000t\000R\000h\000u\000m\000D\000e\000G\000u\000y\000b\000r\000u\000s\000h}{chapter.4}% 8
\BOOKMARK [0][-]{chapter.5}{\376\377\0005\000\040\000D\000o\000c\000u\000m\000e\000n\000t\000a\000t\000i\000o\000n\000\040\000d\000e\000s\000\040\000c\000l\000a\000s\000s\000e\000s}{}% 9
\BOOKMARK [1][-]{section.5.1}{\376\377\0005\000.\0001\000\040\000R\000\351\000f\000\351\000r\000e\000n\000c\000e\000\040\000d\000e\000\040\000l\000a\000\040\000c\000l\000a\000s\000s\000e\000\040\000R\000h\000u\000m\000\137\000d\000e\000\137\000G\000u\000y\000b\000r\000u\000s\000h\000.\000C\000a\000r\000t\000e}{chapter.5}% 10
\BOOKMARK [2][-]{subsection.5.1.1}{\376\377\0005\000.\0001\000.\0001\000\040\000D\000e\000s\000c\000r\000i\000p\000t\000i\000o\000n\000\040\000d\000\351\000t\000a\000i\000l\000l\000\351\000e}{section.5.1}% 11
\BOOKMARK [2][-]{subsection.5.1.2}{\376\377\0005\000.\0001\000.\0002\000\040\000D\000o\000c\000u\000m\000e\000n\000t\000a\000t\000i\000o\000n\000\040\000d\000e\000s\000\040\000c\000o\000n\000s\000t\000r\000u\000c\000t\000e\000u\000r\000s\000\040\000e\000t\000\040\000d\000e\000s\000t\000r\000u\000c\000t\000e\000u\000r}{section.5.1}% 12
\BOOKMARK [3][-]{subsubsection.5.1.2.1}{\376\377\0005\000.\0001\000.\0002\000.\0001\000\040\000C\000a\000r\000t\000e\000\050\000\051\000\040\000[\0001\000/\0002\000]}{subsection.5.1.2}% 13
\BOOKMARK [3][-]{subsubsection.5.1.2.2}{\376\377\0005\000.\0001\000.\0002\000.\0002\000\040\000C\000a\000r\000t\000e\000\050\000\051\000\040\000[\0002\000/\0002\000]}{subsection.5.1.2}% 14
\BOOKMARK [2][-]{subsection.5.1.3}{\376\377\0005\000.\0001\000.\0003\000\040\000D\000o\000c\000u\000m\000e\000n\000t\000a\000t\000i\000o\000n\000\040\000d\000e\000s\000\040\000f\000o\000n\000c\000t\000i\000o\000n\000s\000\040\000m\000e\000m\000b\000r\000e\000s}{section.5.1}% 15
\BOOKMARK [3][-]{subsubsection.5.1.3.1}{\376\377\0005\000.\0001\000.\0003\000.\0001\000\040\000A\000f\000f\000i\000c\000h\000e\000\050\000\051}{subsection.5.1.3}% 16
\BOOKMARK [3][-]{subsubsection.5.1.3.2}{\376\377\0005\000.\0001\000.\0003\000.\0002\000\040\000A\000f\000f\000i\000c\000h\000e\000L\000i\000s\000t\000\050\000\051}{subsection.5.1.3}% 17
\BOOKMARK [3][-]{subsubsection.5.1.3.3}{\376\377\0005\000.\0001\000.\0003\000.\0003\000\040\000R\000e\000c\000h\000e\000r\000c\000h\000e\000\050\000\051}{subsection.5.1.3}% 18
\BOOKMARK [3][-]{subsubsection.5.1.3.4}{\376\377\0005\000.\0001\000.\0003\000.\0004\000\040\000T\000a\000i\000l\000l\000e\000M\000o\000y\000e\000n\000n\000e\000\050\000\051}{subsection.5.1.3}% 19
\BOOKMARK [3][-]{subsubsection.5.1.3.5}{\376\377\0005\000.\0001\000.\0003\000.\0005\000\040\000T\000a\000i\000l\000l\000e\000P\000a\000r\000c\000e\000l\000l\000e\000\050\000\051}{subsection.5.1.3}% 20
\BOOKMARK [2][-]{subsection.5.1.4}{\376\377\0005\000.\0001\000.\0004\000\040\000D\000o\000c\000u\000m\000e\000n\000t\000a\000t\000i\000o\000n\000\040\000d\000e\000s\000\040\000d\000o\000n\000n\000\351\000e\000s\000\040\000m\000e\000m\000b\000r\000e\000s}{section.5.1}% 21
\BOOKMARK [3][-]{subsubsection.5.1.4.1}{\376\377\0005\000.\0001\000.\0004\000.\0001\000\040\000n\000o\000m}{subsection.5.1.4}% 22
\BOOKMARK [3][-]{subsubsection.5.1.4.2}{\376\377\0005\000.\0001\000.\0004\000.\0002\000\040\000p\000a\000r\000c\000e\000l\000l\000e\000s}{subsection.5.1.4}% 23
\BOOKMARK [3][-]{subsubsection.5.1.4.3}{\376\377\0005\000.\0001\000.\0004\000.\0003\000\040\000p\000a\000r\000c\000e\000l\000l\000e\000s\000C\000u\000l\000t\000i\000v\000a\000b\000l\000e}{subsection.5.1.4}% 24
\BOOKMARK [2][-]{subsection.5.1.5}{\376\377\0005\000.\0001\000.\0005\000\040\000D\000o\000c\000u\000m\000e\000n\000t\000a\000t\000i\000o\000n\000\040\000d\000e\000s\000\040\000p\000r\000o\000p\000r\000i\000\351\000t\000\351\000s}{section.5.1}% 25
\BOOKMARK [3][-]{subsubsection.5.1.5.1}{\376\377\0005\000.\0001\000.\0005\000.\0001\000\040\000N\000o\000m}{subsection.5.1.5}% 26
\BOOKMARK [3][-]{subsubsection.5.1.5.2}{\376\377\0005\000.\0001\000.\0005\000.\0002\000\040\000P\000a\000r\000c\000e\000l\000l\000e\000s}{subsection.5.1.5}% 27
\BOOKMARK [1][-]{section.5.2}{\376\377\0005\000.\0002\000\040\000R\000\351\000f\000\351\000r\000e\000n\000c\000e\000\040\000d\000e\000\040\000l\000a\000\040\000c\000l\000a\000s\000s\000e\000\040\000R\000h\000u\000m\000\137\000d\000e\000\137\000G\000u\000y\000b\000r\000u\000s\000h\000.\000C\000o\000d\000a\000g\000e}{chapter.5}% 28
\BOOKMARK [2][-]{subsection.5.2.1}{\376\377\0005\000.\0002\000.\0001\000\040\000D\000e\000s\000c\000r\000i\000p\000t\000i\000o\000n\000\040\000d\000\351\000t\000a\000i\000l\000l\000\351\000e}{section.5.2}% 29
\BOOKMARK [2][-]{subsection.5.2.2}{\376\377\0005\000.\0002\000.\0002\000\040\000D\000o\000c\000u\000m\000e\000n\000t\000a\000t\000i\000o\000n\000\040\000d\000e\000s\000\040\000\351\000n\000u\000m\000\351\000r\000a\000t\000i\000o\000n\000s\000\040\000m\000e\000m\000b\000r\000e\000s}{section.5.2}% 30
\BOOKMARK [3][-]{subsubsection.5.2.2.1}{\376\377\0005\000.\0002\000.\0002\000.\0001\000\040\000S\000e\000n\000s\000F\000r\000o\000n\000t\000i\000e\000r\000e}{subsection.5.2.2}% 31
\BOOKMARK [2][-]{subsection.5.2.3}{\376\377\0005\000.\0002\000.\0003\000\040\000D\000o\000c\000u\000m\000e\000n\000t\000a\000t\000i\000o\000n\000\040\000d\000e\000s\000\040\000f\000o\000n\000c\000t\000i\000o\000n\000s\000\040\000m\000e\000m\000b\000r\000e\000s}{section.5.2}% 32
\BOOKMARK [3][-]{subsubsection.5.2.3.1}{\376\377\0005\000.\0002\000.\0003\000.\0001\000\040\000D\000e\000c\000o\000d\000a\000g\000e\000\050\000\051}{subsection.5.2.3}% 33
\BOOKMARK [3][-]{subsubsection.5.2.3.2}{\376\377\0005\000.\0002\000.\0003\000.\0002\000\040\000E\000n\000c\000o\000d\000a\000g\000e\000\050\000\051}{subsection.5.2.3}% 34
\BOOKMARK [3][-]{subsubsection.5.2.3.3}{\376\377\0005\000.\0002\000.\0003\000.\0003\000\040\000T\000r\000o\000u\000v\000e\000r\000U\000n\000i\000t\000e\000s\000\050\000\051}{subsection.5.2.3}% 35
\BOOKMARK [1][-]{section.5.3}{\376\377\0005\000.\0003\000\040\000R\000\351\000f\000\351\000r\000e\000n\000c\000e\000\040\000d\000e\000\040\000l\000a\000\040\000c\000l\000a\000s\000s\000e\000\040\000R\000h\000u\000m\000\137\000d\000e\000\137\000G\000u\000y\000b\000r\000u\000s\000h\000.\000P\000a\000r\000c\000e\000l\000l\000e}{chapter.5}% 36
\BOOKMARK [2][-]{subsection.5.3.1}{\376\377\0005\000.\0003\000.\0001\000\040\000D\000e\000s\000c\000r\000i\000p\000t\000i\000o\000n\000\040\000d\000\351\000t\000a\000i\000l\000l\000\351\000e}{section.5.3}% 37
\BOOKMARK [2][-]{subsection.5.3.2}{\376\377\0005\000.\0003\000.\0002\000\040\000D\000o\000c\000u\000m\000e\000n\000t\000a\000t\000i\000o\000n\000\040\000d\000e\000s\000\040\000\351\000n\000u\000m\000\351\000r\000a\000t\000i\000o\000n\000s\000\040\000m\000e\000m\000b\000r\000e\000s}{section.5.3}% 38
\BOOKMARK [3][-]{subsubsection.5.3.2.1}{\376\377\0005\000.\0003\000.\0002\000.\0001\000\040\000T\000y\000p\000e\000P\000a\000r\000c\000e\000l\000l\000e}{subsection.5.3.2}% 39
\BOOKMARK [2][-]{subsection.5.3.3}{\376\377\0005\000.\0003\000.\0003\000\040\000D\000o\000c\000u\000m\000e\000n\000t\000a\000t\000i\000o\000n\000\040\000d\000e\000s\000\040\000c\000o\000n\000s\000t\000r\000u\000c\000t\000e\000u\000r\000s\000\040\000e\000t\000\040\000d\000e\000s\000t\000r\000u\000c\000t\000e\000u\000r}{section.5.3}% 40
\BOOKMARK [3][-]{subsubsection.5.3.3.1}{\376\377\0005\000.\0003\000.\0003\000.\0001\000\040\000P\000a\000r\000c\000e\000l\000l\000e\000\050\000\051\000\040\000[\0001\000/\0002\000]}{subsection.5.3.3}% 41
\BOOKMARK [3][-]{subsubsection.5.3.3.2}{\376\377\0005\000.\0003\000.\0003\000.\0002\000\040\000P\000a\000r\000c\000e\000l\000l\000e\000\050\000\051\000\040\000[\0002\000/\0002\000]}{subsection.5.3.3}% 42
\BOOKMARK [2][-]{subsection.5.3.4}{\376\377\0005\000.\0003\000.\0004\000\040\000D\000o\000c\000u\000m\000e\000n\000t\000a\000t\000i\000o\000n\000\040\000d\000e\000s\000\040\000f\000o\000n\000c\000t\000i\000o\000n\000s\000\040\000m\000e\000m\000b\000r\000e\000s}{section.5.3}% 43
\BOOKMARK [3][-]{subsubsection.5.3.4.1}{\376\377\0005\000.\0003\000.\0004\000.\0001\000\040\000A\000j\000o\000u\000t\000e\000r\000\050\000\051}{subsection.5.3.4}% 44
\BOOKMARK [3][-]{subsubsection.5.3.4.2}{\376\377\0005\000.\0003\000.\0004\000.\0002\000\040\000S\000u\000p\000p\000r\000i\000m\000e\000r\000\050\000\051}{subsection.5.3.4}% 45
\BOOKMARK [2][-]{subsection.5.3.5}{\376\377\0005\000.\0003\000.\0005\000\040\000D\000o\000c\000u\000m\000e\000n\000t\000a\000t\000i\000o\000n\000\040\000d\000e\000s\000\040\000d\000o\000n\000n\000\351\000e\000s\000\040\000m\000e\000m\000b\000r\000e\000s}{section.5.3}% 46
\BOOKMARK [3][-]{subsubsection.5.3.5.1}{\376\377\0005\000.\0003\000.\0005\000.\0001\000\040\000t\000y\000p\000e}{subsection.5.3.5}% 47
\BOOKMARK [3][-]{subsubsection.5.3.5.2}{\376\377\0005\000.\0003\000.\0005\000.\0002\000\040\000u\000n\000i\000t\000e\000s}{subsection.5.3.5}% 48
\BOOKMARK [2][-]{subsection.5.3.6}{\376\377\0005\000.\0003\000.\0006\000\040\000D\000o\000c\000u\000m\000e\000n\000t\000a\000t\000i\000o\000n\000\040\000d\000e\000s\000\040\000p\000r\000o\000p\000r\000i\000\351\000t\000\351\000s}{section.5.3}% 49
\BOOKMARK [3][-]{subsubsection.5.3.6.1}{\376\377\0005\000.\0003\000.\0006\000.\0001\000\040\000T\000a\000i\000l\000l\000e}{subsection.5.3.6}% 50
\BOOKMARK [3][-]{subsubsection.5.3.6.2}{\376\377\0005\000.\0003\000.\0006\000.\0002\000\040\000T\000y\000p\000e}{subsection.5.3.6}% 51
\BOOKMARK [3][-]{subsubsection.5.3.6.3}{\376\377\0005\000.\0003\000.\0006\000.\0003\000\040\000U\000n\000i\000t\000e\000s}{subsection.5.3.6}% 52
\BOOKMARK [1][-]{section.5.4}{\376\377\0005\000.\0004\000\040\000R\000\351\000f\000\351\000r\000e\000n\000c\000e\000\040\000d\000e\000\040\000l\000a\000\040\000c\000l\000a\000s\000s\000e\000\040\000R\000h\000u\000m\000\137\000d\000e\000\137\000G\000u\000y\000b\000r\000u\000s\000h\000.\000P\000r\000o\000g\000r\000a\000m}{chapter.5}% 53
\BOOKMARK [1][-]{section.5.5}{\376\377\0005\000.\0005\000\040\000R\000\351\000f\000\351\000r\000e\000n\000c\000e\000\040\000d\000e\000\040\000l\000a\000\040\000c\000l\000a\000s\000s\000e\000\040\000R\000h\000u\000m\000\137\000d\000e\000\137\000G\000u\000y\000b\000r\000u\000s\000h\000.\000U\000n\000i\000t\000e}{chapter.5}% 54
\BOOKMARK [2][-]{subsection.5.5.1}{\376\377\0005\000.\0005\000.\0001\000\040\000D\000e\000s\000c\000r\000i\000p\000t\000i\000o\000n\000\040\000d\000\351\000t\000a\000i\000l\000l\000\351\000e}{section.5.5}% 55
\BOOKMARK [2][-]{subsection.5.5.2}{\376\377\0005\000.\0005\000.\0002\000\040\000D\000o\000c\000u\000m\000e\000n\000t\000a\000t\000i\000o\000n\000\040\000d\000e\000s\000\040\000c\000o\000n\000s\000t\000r\000u\000c\000t\000e\000u\000r\000s\000\040\000e\000t\000\040\000d\000e\000s\000t\000r\000u\000c\000t\000e\000u\000r}{section.5.5}% 56
\BOOKMARK [3][-]{subsubsection.5.5.2.1}{\376\377\0005\000.\0005\000.\0002\000.\0001\000\040\000U\000n\000i\000t\000e\000\050\000\051}{subsection.5.5.2}% 57
\BOOKMARK [2][-]{subsection.5.5.3}{\376\377\0005\000.\0005\000.\0003\000\040\000D\000o\000c\000u\000m\000e\000n\000t\000a\000t\000i\000o\000n\000\040\000d\000e\000s\000\040\000d\000o\000n\000n\000\351\000e\000s\000\040\000m\000e\000m\000b\000r\000e\000s}{section.5.5}% 58
\BOOKMARK [3][-]{subsubsection.5.5.3.1}{\376\377\0005\000.\0005\000.\0003\000.\0001\000\040\000x}{subsection.5.5.3}% 59
\BOOKMARK [3][-]{subsubsection.5.5.3.2}{\376\377\0005\000.\0005\000.\0003\000.\0002\000\040\000y}{subsection.5.5.3}% 60
\BOOKMARK [2][-]{subsection.5.5.4}{\376\377\0005\000.\0005\000.\0004\000\040\000D\000o\000c\000u\000m\000e\000n\000t\000a\000t\000i\000o\000n\000\040\000d\000e\000s\000\040\000p\000r\000o\000p\000r\000i\000\351\000t\000\351\000s}{section.5.5}% 61
\BOOKMARK [3][-]{subsubsection.5.5.4.1}{\376\377\0005\000.\0005\000.\0004\000.\0001\000\040\000X}{subsection.5.5.4}% 62
\BOOKMARK [3][-]{subsubsection.5.5.4.2}{\376\377\0005\000.\0005\000.\0004\000.\0002\000\040\000Y}{subsection.5.5.4}% 63
\BOOKMARK [1][-]{section.5.6}{\376\377\0005\000.\0006\000\040\000R\000\351\000f\000\351\000r\000e\000n\000c\000e\000\040\000d\000e\000\040\000l\000a\000\040\000c\000l\000a\000s\000s\000e\000\040\000T\000e\000s\000t\000R\000h\000u\000m\000D\000e\000G\000u\000y\000b\000r\000u\000s\000h\000.\000U\000n\000i\000t\000T\000e\000s\000t\000\137\000C\000a\000r\000t\000e}{chapter.5}% 64
\BOOKMARK [1][-]{section.5.7}{\376\377\0005\000.\0007\000\040\000R\000\351\000f\000\351\000r\000e\000n\000c\000e\000\040\000d\000e\000\040\000l\000a\000\040\000c\000l\000a\000s\000s\000e\000\040\000T\000e\000s\000t\000R\000h\000u\000m\000D\000e\000G\000u\000y\000b\000r\000u\000s\000h\000.\000U\000n\000i\000t\000T\000e\000s\000t\000\137\000C\000o\000d\000a\000g\000e}{chapter.5}% 65
\BOOKMARK [0][-]{section*.19}{\376\377\000I\000n\000d\000e\000x}{}% 66
